  ModuleSceneIntro.cpp
c:\users\sandraag3\desktop\physics2_class4 - handout\modulesceneintro.cpp(158): warning C4244: 'argument': conversion from 'int' to 'float', possible loss of data
c:\users\sandraag3\desktop\physics2_class4 - handout\modulesceneintro.cpp(160): warning C4244: 'argument': conversion from 'int' to 'float', possible loss of data
c:\users\sandraag3\desktop\physics2_class4 - handout\modulesceneintro.cpp(162): warning C4244: 'argument': conversion from 'float' to 'int', possible loss of data
c:\users\sandraag3\desktop\physics2_class4 - handout\modulesceneintro.cpp(165): warning C4244: 'argument': conversion from 'float' to 'int', possible loss of data
c:\users\sandraag3\desktop\physics2_class4 - handout\modulesceneintro.cpp(173): warning C4101: 'y': unreferenced local variable
c:\users\sandraag3\desktop\physics2_class4 - handout\modulesceneintro.cpp(173): warning C4101: 'x': unreferenced local variable
c:\program files (x86)\microsoft visual studio\2017\community\vc\tools\msvc\14.11.25503\include\limits(211): warning C4577: 'noexcept' used with no exception handling mode specified; termination on exception is not guaranteed. Specify /EHsc
  ModulePhysics.cpp
c:\users\sandraag3\desktop\physics2_class4 - handout\modulephysics.cpp(40): warning C4244: 'initializing': conversion from 'float' to 'int', possible loss of data
c:\users\sandraag3\desktop\physics2_class4 - handout\modulephysics.cpp(121): warning C4244: '=': conversion from 'float' to 'int', possible loss of data
c:\users\sandraag3\desktop\physics2_class4 - handout\modulephysics.cpp(122): warning C4244: '=': conversion from 'float' to 'int', possible loss of data
c:\users\sandraag3\desktop\physics2_class4 - handout\modulephysics.cpp(165): warning C4018: '<': signed/unsigned mismatch
c:\users\sandraag3\desktop\physics2_class4 - handout\modulephysics.cpp(462): warning C4244: 'initializing': conversion from 'int' to 'float', possible loss of data
c:\users\sandraag3\desktop\physics2_class4 - handout\modulephysics.cpp(463): warning C4244: 'initializing': conversion from 'int' to 'float', possible loss of data
c:\users\sandraag3\desktop\physics2_class4 - handout\modulephysics.cpp(469): warning C4244: 'return': conversion from 'float32' to 'int', possible loss of data
c:\program files (x86)\microsoft visual studio\2017\community\vc\tools\msvc\14.11.25503\include\cmath(113): warning C4577: 'noexcept' used with no exception handling mode specified; termination on exception is not guaranteed. Specify /EHsc
  Generating Code...
  Compiling...
  Application.cpp
c:\program files (x86)\microsoft visual studio\2017\community\vc\tools\msvc\14.11.25503\include\limits(211): warning C4577: 'noexcept' used with no exception handling mode specified; termination on exception is not guaranteed. Specify /EHsc
  Generating Code...
  SDL Game.vcxproj -> C:\Users\sandraag3\Desktop\Physics2_class4 - handout\Debug\2D Physics - class 4.exe
  SDL Game.vcxproj -> C:\Users\sandraag3\Desktop\Physics2_class4 - handout\Debug\2D Physics - class 4.pdb (Partial PDB)
