  ModuleWindow.cpp
c:\program files (x86)\microsoft visual studio\2017\community\vc\tools\msvc\14.11.25503\include\limits(211): warning C4577: si se usa 'noexcept' sin ningún modo de control de excepciones especificado, la finalización de la excepción no está garantizada. Especifique /EHsc
  ModuleTextures.cpp
c:\program files (x86)\microsoft visual studio\2017\community\vc\tools\msvc\14.11.25503\include\limits(211): warning C4577: si se usa 'noexcept' sin ningún modo de control de excepciones especificado, la finalización de la excepción no está garantizada. Especifique /EHsc
  ModuleSceneIntro.cpp
c:\program files (x86)\microsoft visual studio\2017\community\vc\tools\msvc\14.11.25503\include\limits(211): warning C4577: si se usa 'noexcept' sin ningún modo de control de excepciones especificado, la finalización de la excepción no está garantizada. Especifique /EHsc
  ModuleRender.cpp
c:\program files (x86)\microsoft visual studio\2017\community\vc\tools\msvc\14.11.25503\include\cmath(68): warning C4577: si se usa 'noexcept' sin ningún modo de control de excepciones especificado, la finalización de la excepción no está garantizada. Especifique /EHsc
  ModulePlayer.cpp
c:\program files (x86)\microsoft visual studio\2017\community\vc\tools\msvc\14.11.25503\include\limits(211): warning C4577: si se usa 'noexcept' sin ningún modo de control de excepciones especificado, la finalización de la excepción no está garantizada. Especifique /EHsc
  ModulePhysics.cpp
c:\users\disob\documents\github\physics\physics2_class1_handout\modulephysics.cpp(132): warning C4244: 'argumento': conversión de 'float32' a 'int'; posible pérdida de datos
c:\users\disob\documents\github\physics\physics2_class1_handout\modulephysics.cpp(143): warning C4244: '=': conversión de 'float32' a 'int'; posible pérdida de datos
c:\users\disob\documents\github\physics\physics2_class1_handout\modulephysics.cpp(144): warning C4244: '=': conversión de 'float32' a 'int'; posible pérdida de datos
c:\users\disob\documents\github\physics\physics2_class1_handout\modulephysics.cpp(146): warning C4244: '=': conversión de 'float' a 'int'; posible pérdida de datos
c:\users\disob\documents\github\physics\physics2_class1_handout\modulephysics.cpp(147): warning C4244: '=': conversión de 'float' a 'int'; posible pérdida de datos
c:\program files (x86)\microsoft visual studio\2017\community\vc\tools\msvc\14.11.25503\include\cstdlib(16): warning C4577: si se usa 'noexcept' sin ningún modo de control de excepciones especificado, la finalización de la excepción no está garantizada. Especifique /EHsc
  ModuleInput.cpp
c:\program files (x86)\microsoft visual studio\2017\community\vc\tools\msvc\14.11.25503\include\limits(211): warning C4577: si se usa 'noexcept' sin ningún modo de control de excepciones especificado, la finalización de la excepción no está garantizada. Especifique /EHsc
  ModuleAudio.cpp
c:\program files (x86)\microsoft visual studio\2017\community\vc\tools\msvc\14.11.25503\include\limits(211): warning C4577: si se usa 'noexcept' sin ningún modo de control de excepciones especificado, la finalización de la excepción no está garantizada. Especifique /EHsc
  Main.cpp
c:\program files (x86)\microsoft visual studio\2017\community\vc\tools\msvc\14.11.25503\include\limits(211): warning C4577: si se usa 'noexcept' sin ningún modo de control de excepciones especificado, la finalización de la excepción no está garantizada. Especifique /EHsc
  log.cpp
  Application.cpp
c:\program files (x86)\microsoft visual studio\2017\community\vc\tools\msvc\14.11.25503\include\limits(211): warning C4577: si se usa 'noexcept' sin ningún modo de control de excepciones especificado, la finalización de la excepción no está garantizada. Especifique /EHsc
  Generando código...
  SDL Game.vcxproj -> C:\Users\disob\Documents\GitHub\Physics\Physics2_class1_handout\Debug\Physics 2 Class 1 Handout.exe
  SDL Game.vcxproj -> C:\Users\disob\Documents\GitHub\Physics\Physics2_class1_handout\Debug\Physics 2 Class 1 Handout.pdb (Partial PDB)
